0::0046-0003::-------------------- Pre-build resource: MICRO830    Configuration: MICRO830 --------------
0::0044-0003::Pre-compiling for 2080LC3048QWBH
0::0000-0003::SINGLEWINDOWLOGIC
0:C:\USERS\INTERN2\DOCUMENTS\CCW\JIM CAR\CONTROLLER\CONTROLLER\MICRO830\MICRO830\SINGLEWINDOWLOGIC:0000-0003::HEADLIGHTLOGIC
0:C:\USERS\INTERN2\DOCUMENTS\CCW\JIM CAR\CONTROLLER\CONTROLLER\MICRO830\MICRO830\HEADLIGHTLOGIC:0000-0003::DOORLOCKLOGIC
0:C:\USERS\INTERN2\DOCUMENTS\CCW\JIM CAR\CONTROLLER\CONTROLLER\MICRO830\MICRO830\DOORLOCKLOGIC:0000-0003::DOUBLEOR
0:C:\USERS\INTERN2\DOCUMENTS\CCW\JIM CAR\CONTROLLER\CONTROLLER\MICRO830\MICRO830\DOUBLEOR:0000-0003::TOGGLETIME
0:C:\USERS\INTERN2\DOCUMENTS\CCW\JIM CAR\CONTROLLER\CONTROLLER\MICRO830\MICRO830\TOGGLETIME:0000-0003::HUMIDORLOGIC
0:C:\USERS\INTERN2\DOCUMENTS\CCW\JIM CAR\CONTROLLER\CONTROLLER\MICRO830\MICRO830\HUMIDORLOGIC:0000-0003::CUTTERLOGIC
0:C:\USERS\INTERN2\DOCUMENTS\CCW\JIM CAR\CONTROLLER\CONTROLLER\MICRO830\MICRO830\CUTTERLOGIC:0000-0003::WIPERLOGIC
0:C:\USERS\INTERN2\DOCUMENTS\CCW\JIM CAR\CONTROLLER\CONTROLLER\MICRO830\MICRO830\WIPERLOGIC:0000-0003::THREEBUTTONSEQ
0:C:\USERS\INTERN2\DOCUMENTS\CCW\JIM CAR\CONTROLLER\CONTROLLER\MICRO830\MICRO830\THREEBUTTONSEQ:0000-0003::MULTIWINDOWLOGIC
0:C:\USERS\INTERN2\DOCUMENTS\CCW\JIM CAR\CONTROLLER\CONTROLLER\MICRO830\MICRO830\MULTIWINDOWLOGIC:0000-0003::MAIN
2:C:\USERS\INTERN2\DOCUMENTS\CCW\JIM CAR\CONTROLLER\CONTROLLER\MICRO830\MICRO830\MAIN:43,26:0050-0007:: WARNING: Use of loop is not recommended
2:C:\USERS\INTERN2\DOCUMENTS\CCW\JIM CAR\CONTROLLER\CONTROLLER\MICRO830\MICRO830\MAIN:43,26:0050-0007:: WARNING: Use of loop is not recommended
1:C:\USERS\INTERN2\DOCUMENTS\CCW\JIM CAR\CONTROLLER\CONTROLLER\MICRO830\MICRO830\MAIN:0002-0003::    0 error(s), 2 warning(s)
0:C:\USERS\INTERN2\DOCUMENTS\CCW\JIM CAR\CONTROLLER\CONTROLLER\MICRO830\MICRO830\MAIN:0002-0003::MICRO830:    0 error(s), 2 warning(s)
0::0006-0003::-------------------- Build resource: MICRO830    Configuration: MICRO830 --------------
0::0001-0003::Compiling for 2080LC3048QWBH
0::0000-0003::SINGLEWINDOWLOGIC
0:C:\USERS\INTERN2\DOCUMENTS\CCW\JIM CAR\CONTROLLER\CONTROLLER\MICRO830\MICRO830\SINGLEWINDOWLOGIC:0000-0003::HEADLIGHTLOGIC
0:C:\USERS\INTERN2\DOCUMENTS\CCW\JIM CAR\CONTROLLER\CONTROLLER\MICRO830\MICRO830\HEADLIGHTLOGIC:0000-0003::DOORLOCKLOGIC
0:C:\USERS\INTERN2\DOCUMENTS\CCW\JIM CAR\CONTROLLER\CONTROLLER\MICRO830\MICRO830\DOORLOCKLOGIC:0000-0003::DOUBLEOR
0:C:\USERS\INTERN2\DOCUMENTS\CCW\JIM CAR\CONTROLLER\CONTROLLER\MICRO830\MICRO830\DOUBLEOR:0000-0003::TOGGLETIME
0:C:\USERS\INTERN2\DOCUMENTS\CCW\JIM CAR\CONTROLLER\CONTROLLER\MICRO830\MICRO830\TOGGLETIME:0000-0003::HUMIDORLOGIC
0:C:\USERS\INTERN2\DOCUMENTS\CCW\JIM CAR\CONTROLLER\CONTROLLER\MICRO830\MICRO830\HUMIDORLOGIC:0000-0003::CUTTERLOGIC
0:C:\USERS\INTERN2\DOCUMENTS\CCW\JIM CAR\CONTROLLER\CONTROLLER\MICRO830\MICRO830\CUTTERLOGIC:0000-0003::WIPERLOGIC
0:C:\USERS\INTERN2\DOCUMENTS\CCW\JIM CAR\CONTROLLER\CONTROLLER\MICRO830\MICRO830\WIPERLOGIC:0000-0003::THREEBUTTONSEQ
0:C:\USERS\INTERN2\DOCUMENTS\CCW\JIM CAR\CONTROLLER\CONTROLLER\MICRO830\MICRO830\THREEBUTTONSEQ:0000-0003::MULTIWINDOWLOGIC
0:C:\USERS\INTERN2\DOCUMENTS\CCW\JIM CAR\CONTROLLER\CONTROLLER\MICRO830\MICRO830\MULTIWINDOWLOGIC:0000-0003::MAIN
2:C:\USERS\INTERN2\DOCUMENTS\CCW\JIM CAR\CONTROLLER\CONTROLLER\MICRO830\MICRO830\MAIN:43,26:0050-0007:: WARNING: Use of loop is not recommended
2:C:\USERS\INTERN2\DOCUMENTS\CCW\JIM CAR\CONTROLLER\CONTROLLER\MICRO830\MICRO830\MAIN:43,26:0050-0007:: WARNING: Use of loop is not recommended
1:C:\USERS\INTERN2\DOCUMENTS\CCW\JIM CAR\CONTROLLER\CONTROLLER\MICRO830\MICRO830\MAIN:0002-0003::    0 error(s), 2 warning(s)
0:C:\USERS\INTERN2\DOCUMENTS\CCW\JIM CAR\CONTROLLER\CONTROLLER\MICRO830\MICRO830\MAIN:0003-0003::Linking for 2080LC3048QWBH
0:C:\USERS\INTERN2\DOCUMENTS\CCW\JIM CAR\CONTROLLER\CONTROLLER\MICRO830\MICRO830\MAIN:0002-0003::MICRO830:    0 error(s), 2 warning(s)
